<?xml version="1.0" encoding="UTF-8"?>
<!-- Generated by org.testng.reporters.JUnitReportReporter -->
<testsuite hostname="INDPRFTCPL343" failures="0" tests="1" name="com.testCases.TC_03_Verify_Jotform_by_submitting_only_few_mandatory_fields" time="208.987" errors="0" timestamp="2024-11-20T08:39:08 IST" skipped="0">
  <testcase classname="com.testCases.TC_03_Verify_Jotform_by_submitting_only_few_mandatory_fields" name="testJotFormApp" time="208.987"/>
  <system-out/>
</testsuite> <!-- com.testCases.TC_03_Verify_Jotform_by_submitting_only_few_mandatory_fields -->
