<?xml version="1.0" encoding="UTF-8"?>
<!-- Generated by org.testng.reporters.JUnitReportReporter -->
<testsuite hostname="INDPRFTCPL343" failures="0" tests="1" name="com.testCases.JotForm" time="187.722" errors="0" timestamp="2024-09-19T12:20:21 IST" skipped="0">
  <testcase classname="com.testCases.JotForm" name="testJotFormApp" time="187.722"/>
  <system-out/>
</testsuite> <!-- com.testCases.JotForm -->
