<?xml version="1.0" encoding="UTF-8"?>
<!-- Generated by org.testng.reporters.JUnitReportReporter -->
<testsuite hostname="INDPRFTCPL343" failures="0" tests="1" name="com.testCases.TC_02_Verify_Jotform_without_submitting_any_fields" time="185.937" errors="0" timestamp="2024-12-17T20:06:07 IST" skipped="0">
  <testcase classname="com.testCases.TC_02_Verify_Jotform_without_submitting_any_fields" name="testJotFormApp" time="185.937"/>
  <system-out/>
</testsuite> <!-- com.testCases.TC_02_Verify_Jotform_without_submitting_any_fields -->
